<?xml version="1.0" encoding="UTF-8"?>
<!-- Generated by org.testng.reporters.JUnitReportReporter -->
<testsuite hostname="DESKTOP-REKOO9G" failures="0" tests="3" name="RestTestig.Trello" time="5.990" errors="0" timestamp="15 Mar 2022 07:33:57 GMT">
  <testcase classname="RestTestig.Trello" name="DeleteBoard" time="0.837"/>
  <testcase classname="RestTestig.Trello" name="getBoard" time="0.712"/>
  <testcase classname="RestTestig.Trello" name="createBoard" time="4.441"/>
</testsuite> <!-- RestTestig.Trello -->
