<?xml version="1.0" encoding="UTF-8"?>
<!-- Generated by org.testng.reporters.JUnitReportReporter -->
<testsuite hostname="DESKTOP-REKOO9G" failures="0" tests="3" name="RestTestig.Ecommerce" time="15.497" errors="0" timestamp="16 Mar 2022 04:49:02 GMT">
  <testcase classname="RestTestig.Ecommerce" name="Signup" time="7.835"/>
  <testcase classname="RestTestig.Ecommerce" name="Login" time="4.102"/>
  <testcase classname="RestTestig.Ecommerce" name="GetAllUser" time="3.560"/>
</testsuite> <!-- RestTestig.Ecommerce -->
